2025-10-29 13:45:20,521 : INFO : root : Loading config.
2025-10-29 13:45:20,584 : INFO : Machine : Mission Pinball Framework Core Engine v0.57.3
2025-10-29 13:45:20,584 : INFO : Machine : Command line arguments: {'no_load_cache': False, 'create_config_cache': True, 'bcp': True, 'configfile': ['config.yaml'], 'force_assets_load': False, 'platform_integration_test': False, 'jsonlogging': False, 'logfile': 'logs\\2025-10-29-13-45-20-mpf-WIN-LVVM2JFIIOI.log', 'pause': False, 'production': True, 'text_ui': True, 'loglevel': 15, 'consoleloglevel': 20, 'force_platform': None, 'syslog_address': None, 'mc_file_name': None, 'no_sound': False}
2025-10-29 13:45:20,584 : INFO : Machine : MPF path: C:\Program Files\Python311\Lib\site-packages\mpf
2025-10-29 13:45:20,584 : INFO : Machine : Machine path: C:\pinball\cthulhu
2025-10-29 13:45:20,584 : INFO : Machine : Platform: win32
2025-10-29 13:45:20,584 : INFO : Machine : Python executable location: C:\Program Files\Python311\python.exe
2025-10-29 13:45:20,584 : INFO : Machine : Python version: 3.11.9 (64-bit)
2025-10-29 13:45:20,584 : INFO : Machine : Initializing MPF...
2025-10-29 13:45:20,870 : INFO : OPP : Connecting to COM3 at 115200bps
2025-10-29 13:45:20,977 : INFO : OPP : Init of OPP board 0 done
2025-10-29 13:45:20,977 : INFO : OPP : Connecting to COM4 at 115200bps
2025-10-29 13:45:21,087 : INFO : OPP : Init of OPP board 3 done
2025-10-29 13:45:21,087 : INFO : OPP : Connecting to COM5 at 115200bps
2025-10-29 13:45:21,197 : INFO : OPP : Init of OPP board 1 done
2025-10-29 13:45:56,679 : INFO : Machine : Starting the main run loop with active modes: [<Mode.tilt>, <Mode.attract>]
2025-10-29 13:46:37,773 : INFO : Machine : Shutting down...
2025-10-29 13:46:37,777 : ERROR : OPP : Stop called on serial connection COM4
2025-10-29 13:46:37,777 : ERROR : OPP : Stop called on serial connection COM3
2025-10-29 13:46:37,778 : ERROR : asyncio : Exception in callback Util.raise_exceptions(<Task finishe...ection lost')>) at C:\Program Files\Python311\Lib\site-packages\mpf\core\utility_functions.py:790
handle: <Handle Util.raise_exceptions(<Task finishe...ection lost')>) at C:\Program Files\Python311\Lib\site-packages\mpf\core\utility_functions.py:790>
Traceback (most recent call last):
  File "C:\Program Files\Python311\Lib\asyncio\events.py", line 84, in _run
    self._context.run(self._callback, *self._args)
  File "C:\Program Files\Python311\Lib\site-packages\mpf\core\utility_functions.py", line 798, in raise_exceptions
    future.result()
  File "C:\Program Files\Python311\Lib\site-packages\mpf\platforms\opp\opp.py", line 971, in _poll_sender
    await self.opp_connection[chain_serial].writer.drain()
  File "C:\Program Files\Python311\Lib\asyncio\streams.py", line 392, in drain
    await self._protocol._drain_helper()
  File "C:\Program Files\Python311\Lib\asyncio\streams.py", line 166, in _drain_helper
    raise ConnectionResetError('Connection lost')
ConnectionResetError: Connection lost
2025-10-29 13:46:37,828 : ERROR : OPP : Stop called on serial connection COM5
2025-10-29 13:46:37,831 : ERROR : asyncio : Exception in callback Util.raise_exceptions(<Task finishe...ute 'write'")>) at C:\Program Files\Python311\Lib\site-packages\mpf\core\utility_functions.py:790
handle: <Handle Util.raise_exceptions(<Task finishe...ute 'write'")>) at C:\Program Files\Python311\Lib\site-packages\mpf\core\utility_functions.py:790>
Traceback (most recent call last):
  File "C:\Program Files\Python311\Lib\asyncio\events.py", line 84, in _run
    self._context.run(self._callback, *self._args)
  File "C:\Program Files\Python311\Lib\site-packages\mpf\core\utility_functions.py", line 798, in raise_exceptions
    future.result()
  File "C:\Program Files\Python311\Lib\site-packages\mpf\platforms\opp\opp.py", line 970, in _poll_sender
    self.send_to_processor(chain_serial, self.read_input_msg[chain_serial])
  File "C:\Program Files\Python311\Lib\site-packages\mpf\platforms\opp\opp.py", line 349, in send_to_processor
    self.opp_connection[chain_serial].send(msg)
  File "C:\Program Files\Python311\Lib\site-packages\mpf\platforms\base_serial_communicator.py", line 161, in send
    self.writer.write(msg)
    ^^^^^^^^^^^^^^^^^
AttributeError: 'NoneType' object has no attribute 'write'
2025-10-29 13:46:38,079 : WARNING : OPP : Poll took more than 250.0ms for 0
2025-10-29 13:46:38,079 : ERROR : asyncio : Exception in callback Util.raise_exceptions(<Task finishe...ute 'write'")>) at C:\Program Files\Python311\Lib\site-packages\mpf\core\utility_functions.py:790
handle: <Handle Util.raise_exceptions(<Task finishe...ute 'write'")>) at C:\Program Files\Python311\Lib\site-packages\mpf\core\utility_functions.py:790>
Traceback (most recent call last):
  File "C:\Program Files\Python311\Lib\asyncio\events.py", line 84, in _run
    self._context.run(self._callback, *self._args)
  File "C:\Program Files\Python311\Lib\site-packages\mpf\core\utility_functions.py", line 798, in raise_exceptions
    future.result()
  File "C:\Program Files\Python311\Lib\site-packages\mpf\platforms\opp\opp.py", line 970, in _poll_sender
    self.send_to_processor(chain_serial, self.read_input_msg[chain_serial])
  File "C:\Program Files\Python311\Lib\site-packages\mpf\platforms\opp\opp.py", line 349, in send_to_processor
    self.opp_connection[chain_serial].send(msg)
  File "C:\Program Files\Python311\Lib\site-packages\mpf\platforms\base_serial_communicator.py", line 161, in send
    self.writer.write(msg)
    ^^^^^^^^^^^^^^^^^
AttributeError: 'NoneType' object has no attribute 'write'
2025-10-29 13:46:38,082 : INFO : root : MPF run loop ended.
