2025-11-12 19:57:05,767 : INFO : root : Loading config.
2025-11-12 19:57:05,798 : INFO : Machine : Mission Pinball Framework Core Engine v0.57.3
2025-11-12 19:57:05,798 : INFO : Machine : Command line arguments: {'no_load_cache': False, 'create_config_cache': True, 'bcp': True, 'configfile': ['config.yaml'], 'force_assets_load': False, 'platform_integration_test': False, 'jsonlogging': False, 'logfile': 'logs\\2025-11-12-19-57-05-mpf-WIN-LVVM2JFIIOI.log', 'pause': False, 'production': True, 'text_ui': True, 'loglevel': 15, 'consoleloglevel': 20, 'force_platform': None, 'syslog_address': None, 'mc_file_name': None, 'no_sound': False}
2025-11-12 19:57:05,798 : INFO : Machine : MPF path: C:\Program Files\Python311\Lib\site-packages\mpf
2025-11-12 19:57:05,798 : INFO : Machine : Machine path: C:\pinball\cthulhu
2025-11-12 19:57:05,798 : INFO : Machine : Platform: win32
2025-11-12 19:57:05,798 : INFO : Machine : Python executable location: C:\Program Files\Python311\python.exe
2025-11-12 19:57:05,798 : INFO : Machine : Python version: 3.11.9 (64-bit)
2025-11-12 19:57:05,814 : INFO : Machine : Initializing MPF...
2025-11-12 19:57:05,994 : INFO : OPP : Connecting to COM3 at 115200bps
2025-11-12 19:57:06,112 : INFO : OPP : Init of OPP board 0 done
2025-11-12 19:57:06,112 : INFO : OPP : Connecting to COM4 at 115200bps
2025-11-12 19:57:06,222 : INFO : OPP : Init of OPP board 3 done
2025-11-12 19:57:06,222 : INFO : OPP : Connecting to COM5 at 115200bps
2025-11-12 19:57:06,333 : INFO : OPP : Init of OPP board 1 done
2025-11-12 19:57:37,741 : INFO : Machine : Starting the main run loop with active modes: [<Mode.tilt>, <Mode.attract>]
2025-11-12 20:15:13,410 : WARNING : OPP : Poll took more than 250.0ms for 0
2025-11-12 20:15:13,410 : WARNING : OPP : Poll took more than 250.0ms for 1
2025-11-12 20:15:13,410 : WARNING : OPP : Poll took more than 250.0ms for 3
2025-11-12 20:15:48,287 : WARNING : OPP : Poll took more than 250.0ms for 1
2025-11-12 20:15:48,287 : WARNING : OPP : Poll took more than 250.0ms for 0
2025-11-12 20:15:48,287 : WARNING : OPP : Poll took more than 250.0ms for 3
2025-11-12 20:17:07,328 : WARNING : OPP : Poll took more than 250.0ms for 1
2025-11-12 20:17:07,328 : WARNING : OPP : Poll took more than 250.0ms for 0
2025-11-12 20:17:07,328 : WARNING : OPP : Poll took more than 250.0ms for 3
2025-11-12 20:18:59,978 : WARNING : OPP : Poll took more than 250.0ms for 0
2025-11-12 20:18:59,978 : WARNING : OPP : Poll took more than 250.0ms for 1
2025-11-12 20:18:59,978 : WARNING : OPP : Poll took more than 250.0ms for 3
2025-11-12 20:24:58,620 : ERROR : root : Received second SIGINT. Will exit ungracefully!
NoneType: None
