2025-10-29 13:45:20,429 : kivy : deps: Successfully imported "kivy_deps.gstreamer" 0.3.3
2025-10-29 13:45:20,429 : kivy : deps: Successfully imported "kivy_deps.angle" 0.3.3
2025-10-29 13:45:20,429 : kivy : deps: Successfully imported "kivy_deps.glew" 0.3.1
2025-10-29 13:45:20,429 : kivy : deps: Successfully imported "kivy_deps.sdl2" 0.6.0
2025-10-29 13:45:20,429 : kivy : Kivy: v2.2.1
2025-10-29 13:45:20,429 : kivy : Kivy: Installed at "C:\Program Files\Python311\Lib\site-packages\kivy\__init__.py"
2025-10-29 13:45:20,429 : kivy : Python: v3.11.9 (tags/v3.11.9:de54cf5, Apr  2 2024, 10:12:12) [MSC v.1938 64 bit (AMD64)]
2025-10-29 13:45:20,429 : kivy : Python: Interpreter at "C:\Program Files\Python311\python.exe"
2025-10-29 13:45:20,457 : kivy : Factory: 190 symbols loaded
2025-10-29 13:45:20,804 : kivy : ImageLoaderFFPy: Using ffpyplayer 4.5.1
2025-10-29 13:45:20,804 : kivy : Image: Providers: img_tex, img_dds, img_sdl2, img_pil, img_ffpyplayer 
2025-10-29 13:45:21,280 : kivy : VideoGstplayer: Using Gstreamer 1.18.5.0
2025-10-29 13:45:21,280 : kivy : Video: Provider: gstplayer
2025-10-29 13:45:21,486 : root : Loading MPF-MC controller
2025-10-29 13:45:21,509 : mpfmc : Mission Pinball Framework Media Controller (MPF-MC) v0.57.1. Requires MPF v0.57.0 or newer.
2025-10-29 13:45:21,509 : mpfmc : Found MPF v0.57.3
2025-10-29 13:45:21,509 : mpfmc : Machine path: C:\pinball\cthulhu
2025-10-29 13:45:21,509 : mpfmc : Starting clock at 60.0Hz
2025-10-29 13:45:21,531 : kivy : Text: Provider: sdl2
2025-10-29 13:45:21,587 : kivy : Window: Provider: sdl2
2025-10-29 13:45:22,022 : kivy : GL: Using the "OpenGL" graphics system
2025-10-29 13:45:22,034 : kivy : GL: GLEW initialization succeeded
2025-10-29 13:45:22,034 : kivy : GL: Backend used <glew>
2025-10-29 13:45:22,034 : kivy : GL: OpenGL version <b'4.6.0 Compatibility Profile Context 22.20.27.09.230330'>
2025-10-29 13:45:22,034 : kivy : GL: OpenGL vendor <b'ATI Technologies Inc.'>
2025-10-29 13:45:22,034 : kivy : GL: OpenGL renderer <b'AMD Radeon (TM) Graphics'>
2025-10-29 13:45:22,034 : kivy : GL: OpenGL parsed version: 4, 6
2025-10-29 13:45:22,034 : kivy : GL: Shading version <b'4.60'>
2025-10-29 13:45:22,035 : kivy : GL: Texture max size <16384>
2025-10-29 13:45:22,035 : kivy : GL: Texture max units <32>
2025-10-29 13:45:22,135 : kivy : Window: auto add sdl2 input provider
2025-10-29 13:45:22,136 : kivy : Window: virtual keyboard not allowed, single mode, not docked
2025-10-29 13:45:22,148 : AudioInterface : NOTE: You may experience noise and other undesirable sound artifacts when you set your buffer at 1024 or smaller.
2025-10-29 13:45:24,742 : AudioInterface : Initialized
2025-10-29 13:45:24,742 : AudioInterface : Loaded SDL 2.26.4
2025-10-29 13:45:24,742 : AudioInterface : Loaded SDL_Mixer 2.6.3
2025-10-29 13:45:24,742 : AudioInterface : Loaded GStreamer 1.18.5.0
2025-10-29 13:45:24,742 : AudioInterface : Loaded GLib 2.62.6
2025-10-29 13:45:24,742 : AudioInterface : Settings requested - rate: 44100, channels: 1, buffer: 1024 samples
2025-10-29 13:45:24,742 : AudioInterface : Settings in use - rate: 44100, channels: 1, buffer: 1024 samples (2048 bytes @ 2 bytes per sample)
2025-10-29 13:45:24,743 : SoundSystem : Setting master volume to 0.0
2025-10-29 13:45:24,743 : AudioInterface : Enabling audio playback
2025-10-29 13:45:24,745 : kivy : Base: Start application main loop
2025-10-29 13:45:24,757 : mpfmc : Display: Setting 'window' as default display
2025-10-29 13:45:28,534 : kivy : GL: NPOT texture support is available
2025-10-29 13:45:51,405 : MPF-MC BCP Server : Starting up on localhost port 5050
2025-10-29 13:45:51,407 : MPF-MC BCP Server : Waiting for a connection...
2025-10-29 13:45:52,923 : MPF-MC BCP Server : Received connection from: 127.0.0.1:50054
2025-10-29 13:45:53,000 : SoundSystem : Setting master volume to 1
2025-10-29 13:45:53,000 : SoundSystem : Setting master volume to 1
2025-10-29 13:45:53,001 : SoundSystem : Setting master volume to 1
2025-10-29 13:45:53,001 : SoundSystem : Setting master volume to 1
2025-10-29 13:46:37,292 : kivy : Base: Leaving application in progress...
2025-10-29 13:46:37,471 : mpfmc : Stopping...
2025-10-29 13:46:37,471 : AudioInterface : Disabling audio playback
2025-10-29 13:46:37,471 : mpfmc : Loop rate 50.13 Hz
2025-10-29 13:46:37,471 : root : MC run loop ended.
2025-10-29 13:46:37,471 : root : Stopping child threads... (3 remaining)
2025-10-29 13:46:37,767 : mpfmc : Stopping...
2025-10-29 13:46:37,767 : mpfmc : Loop rate 49.93 Hz
2025-10-29 13:46:37,779 : MPF-MC BCP Server : Stopping BCP sending thread
2025-10-29 13:46:37,873 : root : All child threads stopped.
