2025-10-31 09:27:38,006 : INFO : root : Loading config.
2025-10-31 09:27:38,073 : INFO : Machine : Mission Pinball Framework Core Engine v0.57.3
2025-10-31 09:27:38,073 : INFO : Machine : Command line arguments: {'no_load_cache': False, 'create_config_cache': True, 'bcp': True, 'configfile': ['config.yaml'], 'force_assets_load': False, 'platform_integration_test': False, 'jsonlogging': False, 'logfile': 'logs\\2025-10-31-09-27-38-mpf-WIN-LVVM2JFIIOI.log', 'pause': False, 'production': True, 'text_ui': True, 'loglevel': 15, 'consoleloglevel': 20, 'force_platform': None, 'syslog_address': None, 'mc_file_name': None, 'no_sound': False}
2025-10-31 09:27:38,073 : INFO : Machine : MPF path: C:\Program Files\Python311\Lib\site-packages\mpf
2025-10-31 09:27:38,073 : INFO : Machine : Machine path: C:\pinball\cthulhu
2025-10-31 09:27:38,073 : INFO : Machine : Platform: win32
2025-10-31 09:27:38,073 : INFO : Machine : Python executable location: C:\Program Files\Python311\python.exe
2025-10-31 09:27:38,073 : INFO : Machine : Python version: 3.11.9 (64-bit)
2025-10-31 09:27:38,073 : INFO : Machine : Initializing MPF...
2025-10-31 09:27:38,219 : INFO : OPP : Connecting to COM3 at 115200bps
2025-10-31 09:27:38,335 : INFO : OPP : Init of OPP board 0 done
2025-10-31 09:27:38,335 : INFO : OPP : Connecting to COM4 at 115200bps
2025-10-31 09:27:38,446 : INFO : OPP : Init of OPP board 3 done
2025-10-31 09:27:38,446 : INFO : OPP : Connecting to COM5 at 115200bps
2025-10-31 09:27:38,542 : INFO : OPP : Init of OPP board 1 done
2025-10-31 09:29:38,222 : INFO : Machine : Shutting down...
2025-10-31 09:29:38,222 : ERROR : OPP : Stop called on serial connection COM4
2025-10-31 09:29:38,226 : ERROR : OPP : Stop called on serial connection COM3
2025-10-31 09:29:38,227 : ERROR : OPP : Stop called on serial connection COM5
2025-10-31 09:29:39,230 : ERROR : Machine : MPF needed more than 120s for initialization. Aborting!
2025-10-31 09:29:39,230 : INFO : root : MPF run loop ended.
